0 info it worked if it ends with ok
1 verbose cli [ 'C:\\Program Files\\nodejs\\node.exe',
1 verbose cli   'C:\\Program Files\\nodejs\\node_modules\\npm\\bin\\npm-cli.js',
1 verbose cli   'start' ]
2 info using npm@3.10.10
3 info using node@v6.11.1
4 verbose run-script [ 'prestart', 'start', 'poststart' ]
5 info lifecycle eprotector@0.0.0~prestart: eprotector@0.0.0
6 silly lifecycle eprotector@0.0.0~prestart: no script for prestart, continuing
7 info lifecycle eprotector@0.0.0~start: eprotector@0.0.0
8 verbose lifecycle eprotector@0.0.0~start: unsafe-perm in lifecycle true
9 verbose lifecycle eprotector@0.0.0~start: PATH: C:\Program Files\nodejs\node_modules\npm\bin\node-gyp-bin;C:\pavan\my\dashboard\angular-dashboard\new\node_modules\.bin;C:\Program Files\Teradata\Client\15.00\AXSMOD\;C:\Program Files\CollabNet\Subversion Client;%GIT_INSTALL_ROOT%\bin;%GIT_INSTALL_ROOT%\cmd;C:\pavan\project\workspace\Portal\buildprocess\tools\subversion_1.8;C:\pavan\project\workspace\Portal\buildprocess;C:\pavan\project\workspace\Portal\buildprocess\tools\nant;C:\pavan\project\workspace\Portal\buildprocess\tools\bawtools;C:\pavan\project\workspace\Portal\buildprocess\tools\rkit;C:\pavan\project\workspace\Portal\buildprocess\tools\nuget;%GIT_INSTALL_ROOT%\bin;%GIT_INSTALL_ROOT%\cmd;C:\pavan\project\workspace\Portal\buildprocess\tools\rkit;C:\pavan\project\workspace\Portal\buildprocess\tools\nuget;C:\Program Files\Teradata\client\15.00\Teradata Parallel Transporter\bin64;C:\Program Files\Teradata\client\15.00\Teradata Parallel Transporter\msg64;C:\Program Files (x86)\Teradata\client\15.00\Teradata Parallel Transporter\bin;C:\Program Files (x86)\Teradata\client\15.00\Teradata Parallel Transporter\msg;C:\Program Files\Teradata\Client\15.00\pp2_64\;C:\Program Files\Teradata\Client\15.00\bin64\;C:\Program Files (x86)\Teradata\Client\15.00\pp2\;C:\Program Files\Teradata\Client\15.00\AXSMOD\;C:\Program Files (x86)\Teradata\Client\15.00\AXSMOD\;C:\Program Files (x86)\Teradata\Teradata Performance Monitor Object 15.00\;C:\Program Files\Teradata\Client\15.00\ODBC Driver for Teradata nt-x8664\Lib\;C:\Program Files (x86)\Teradata\Client\15.00\ODBC Driver for Teradata\Lib\;C:\Program Files\Teradata\Client\15.00\bin\;C:\Program Files (x86)\Teradata\Client\15.00\bin\;C:\ProgramData\Oracle\Java\javapath;C:\windows\system32;C:\windows;C:\windows\System32\Wbem;C:\windows\System32\WindowsPowerShell\v1.0\;C:\Program Files (x86)\Skype\Phone\;C:\Program Files\Code Collaborator Client;C:\Program Files (x86)\Teradata\Client\15.00\tdwallet\nt-i386\;C:\Program Files\Teradata\Client\15.00\tdwallet\nt-x8664\;C:\Program Files (x86)\Brackets\command;C:\windows\system32\config\systemprofile\.dnx\bin;C:\Program Files\Microsoft DNX\Dnvm\;C:\Program Files (x86)\Windows Kits\8.1\Windows Performance Toolkit\;C:\Program Files\Microsoft SQL Server\120\Tools\Binn\;C:\Program Files\TortoiseGit\bin;C:\Program Files\nodejs\;C:\Program Files\Microsoft\Web Platform Installer\;C:\Program Files\TortoiseSVN\bin;C:\Program Files\nodejs;C:\Users\pkapa\AppData\Roaming\npm;C:\Users\pkapa\AppData\Local\Programs\Git\cmd
10 verbose lifecycle eprotector@0.0.0~start: CWD: C:\pavan\my\dashboard\angular-dashboard\new
11 silly lifecycle eprotector@0.0.0~start: Args: [ '/d /s /c', 'ng serve' ]
12 silly lifecycle eprotector@0.0.0~start: Returned: code: 3221225786  signal: null
13 info lifecycle eprotector@0.0.0~start: Failed to exec start script
14 verbose stack Error: eprotector@0.0.0 start: `ng serve`
14 verbose stack Exit status 3221225786
14 verbose stack     at EventEmitter.<anonymous> (C:\Program Files\nodejs\node_modules\npm\lib\utils\lifecycle.js:255:16)
14 verbose stack     at emitTwo (events.js:106:13)
14 verbose stack     at EventEmitter.emit (events.js:191:7)
14 verbose stack     at ChildProcess.<anonymous> (C:\Program Files\nodejs\node_modules\npm\lib\utils\spawn.js:40:14)
14 verbose stack     at emitTwo (events.js:106:13)
14 verbose stack     at ChildProcess.emit (events.js:191:7)
14 verbose stack     at maybeClose (internal/child_process.js:891:16)
14 verbose stack     at Process.ChildProcess._handle.onexit (internal/child_process.js:226:5)
15 verbose pkgid eprotector@0.0.0
16 verbose cwd C:\pavan\my\dashboard\angular-dashboard\new
17 error Windows_NT 6.1.7601
18 error argv "C:\\Program Files\\nodejs\\node.exe" "C:\\Program Files\\nodejs\\node_modules\\npm\\bin\\npm-cli.js" "start"
19 error node v6.11.1
20 error npm  v3.10.10
21 error code ELIFECYCLE
22 error eprotector@0.0.0 start: `ng serve`
22 error Exit status 3221225786
23 error Failed at the eprotector@0.0.0 start script 'ng serve'.
23 error Make sure you have the latest version of node.js and npm installed.
23 error If you do, this is most likely a problem with the eprotector package,
23 error not with npm itself.
23 error Tell the author that this fails on your system:
23 error     ng serve
23 error You can get information on how to open an issue for this project with:
23 error     npm bugs eprotector
23 error Or if that isn't available, you can get their info via:
23 error     npm owner ls eprotector
23 error There is likely additional logging output above.
24 verbose exit [ 1, true ]
